<?xml version="1.0" encoding="UTF-8"?>
<!-- Generated by org.testng.reporters.JUnitXMLReporter -->
<testsuite hostname="AvinashAradhya" ignored="0" name="TestFF" tests="2" failures="0" timestamp="27 Feb 2018 18:16:52 GMT" time="10.012" errors="0">
  <testcase name="@BeforeClass preCondition" time="9.973" classname="Scripts.BaseTest">
    <failure type="org.openqa.selenium.WebDriverException" message="connection reset
Build info: version: &amp;apos;3.9.1&amp;apos;, revision: &amp;apos;63f7b50&amp;apos;, time: &amp;apos;2018-02-07T22:25:02.294Z&amp;apos;
System info: host: &amp;apos;AVINASHARADHYA&amp;apos;, ip: &amp;apos;192.168.0.103&amp;apos;, os.name: &amp;apos;Windows 10&amp;apos;, os.arch: &amp;apos;x86&amp;apos;, os.version: &amp;apos;10.0&amp;apos;, java.version: &amp;apos;1.8.0_131&amp;apos;
Driver info: driver.version: FirefoxDriver
remote stacktrace: stack backtrace:
   0:   0x46c297 - &amp;lt;no info&amp;gt;
   1:   0x46585e - &amp;lt;no info&amp;gt;
   2:   0x43c980 - &amp;lt;no info&amp;gt;
   3:   0x4225f2 - &amp;lt;no info&amp;gt;
   4:   0x406389 - &amp;lt;no info&amp;gt;
   5:   0x40cc97 - &amp;lt;no info&amp;gt;
   6:   0x657a89 - &amp;lt;no info&amp;gt;
   7:   0x4185b6 - &amp;lt;no info&amp;gt;
   8:   0x6535a1 - &amp;lt;no info&amp;gt;
   9: 0x76088744 - BaseThreadInitThunk
  10: 0x7741582d - RtlGetAppContainerNamedObjectPath">
      <![CDATA[org.openqa.selenium.WebDriverException: connection reset
Build info: version: '3.9.1', revision: '63f7b50', time: '2018-02-07T22:25:02.294Z'
System info: host: 'AVINASHARADHYA', ip: '192.168.0.103', os.name: 'Windows 10', os.arch: 'x86', os.version: '10.0', java.version: '1.8.0_131'
Driver info: driver.version: FirefoxDriver
remote stacktrace: stack backtrace:
   0:   0x46c297 - <no info>
   1:   0x46585e - <no info>
   2:   0x43c980 - <no info>
   3:   0x4225f2 - <no info>
   4:   0x406389 - <no info>
   5:   0x40cc97 - <no info>
   6:   0x657a89 - <no info>
   7:   0x4185b6 - <no info>
   8:   0x6535a1 - <no info>
   9: 0x76088744 - BaseThreadInitThunk
  10: 0x7741582d - RtlGetAppContainerNamedObjectPath
at org.openqa.selenium.remote.W3CHandshakeResponse.lambda$new$0(W3CHandshakeResponse.java:57)
at org.openqa.selenium.remote.W3CHandshakeResponse.lambda$getResponseFunction$2(W3CHandshakeResponse.java:104)
at org.openqa.selenium.remote.ProtocolHandshake.lambda$createSession$0(ProtocolHandshake.java:123)
at java.util.stream.ReferencePipeline$3$1.accept(ReferencePipeline.java:193)
at java.util.Spliterators$ArraySpliterator.tryAdvance(Spliterators.java:958)
at java.util.stream.ReferencePipeline.forEachWithCancel(ReferencePipeline.java:126)
at java.util.stream.AbstractPipeline.copyIntoWithCancel(AbstractPipeline.java:498)
at java.util.stream.AbstractPipeline.copyInto(AbstractPipeline.java:485)
at java.util.stream.AbstractPipeline.wrapAndCopyInto(AbstractPipeline.java:471)
at java.util.stream.FindOps$FindOp.evaluateSequential(FindOps.java:152)
at java.util.stream.AbstractPipeline.evaluate(AbstractPipeline.java:234)
at java.util.stream.ReferencePipeline.findFirst(ReferencePipeline.java:464)
at org.openqa.selenium.remote.ProtocolHandshake.createSession(ProtocolHandshake.java:126)
at org.openqa.selenium.remote.ProtocolHandshake.createSession(ProtocolHandshake.java:73)
at org.openqa.selenium.remote.HttpCommandExecutor.execute(HttpCommandExecutor.java:138)
at org.openqa.selenium.remote.service.DriverCommandExecutor.execute(DriverCommandExecutor.java:83)
at org.openqa.selenium.remote.RemoteWebDriver.execute(RemoteWebDriver.java:601)
at org.openqa.selenium.remote.RemoteWebDriver.startSession(RemoteWebDriver.java:219)
at org.openqa.selenium.remote.RemoteWebDriver.<init>(RemoteWebDriver.java:142)
at org.openqa.selenium.firefox.FirefoxDriver.<init>(FirefoxDriver.java:120)
at org.openqa.selenium.firefox.FirefoxDriver.<init>(FirefoxDriver.java:98)
at Scripts.BaseTest.preCondition(BaseTest.java:41)
at java.util.concurrent.FutureTask.run(FutureTask.java:266)
at java.util.concurrent.ThreadPoolExecutor.runWorker(ThreadPoolExecutor.java:1142)
at java.util.concurrent.ThreadPoolExecutor$Worker.run(ThreadPoolExecutor.java:617)
at java.lang.Thread.run(Thread.java:748)
... Removed 21 stack frames]]>
    </failure>
  </testcase> <!-- @BeforeClass preCondition -->
  <testcase name="@AfterClass postCondition" time="0.0" classname="Scripts.BaseTest">
    <skipped/>
  </testcase> <!-- @AfterClass postCondition -->
  <testcase name="@BeforeClass preCondition" time="0.0" classname="Scripts.BaseTest">
    <skipped/>
  </testcase> <!-- @BeforeClass preCondition -->
  <testcase name="@AfterClass postCondition" time="0.0" classname="Scripts.BaseTest">
    <skipped/>
  </testcase> <!-- @AfterClass postCondition -->
  <testcase name="testValidLoginLogout" time="0.0" classname="Scripts.ValidLoginLogout">
    <skipped/>
  </testcase> <!-- testValidLoginLogout -->
  <testcase name="testInValidLogin" time="0.0" classname="Scripts.InvalidLogin">
    <skipped/>
  </testcase> <!-- testInValidLogin -->
</testsuite> <!-- TestFF -->
